Added Net: Name=+1V05
Added Net: Name=+1V5
Added Net: Name=+5V_LDO
Added Net: Name=+5V_PVCC
Added Net: Name=+5V_VCC
Added Net: Name=+REF
Added Net: Name=+VREF3
Added Net: Name=EN1
Added Net: Name=EN_LDO
Added Net: Name=FB1
Added Net: Name=GND
Added Net: Name=ILIM2
Added Net: Name=LGATE1
Added Net: Name=LGATE2
Added Net: Name=NetC8_2
Added Net: Name=NetC9_1
Added Net: Name=NetR4_2
Added Net: Name=NetR5_1
Added Net: Name=NetR6_2
Added Net: Name=PHASE1
Added Net: Name=PHASE2
Added Net: Name=POK1
Added Net: Name=POK2
Added Net: Name=REFIN2
Added Net: Name=UGATE1
Added Net: Name=UGATE2
Added Net: Name=VIN
Added Class: Name=ISL6236A_DEMO
Added Room: Name=ISL6236A_DEMO
